
*** Running vivado
    with args -log main_system.vds -m64 -product Vivado -mode batch -messageDb vivado.pb -notrace -source main_system.tcl


****** Vivado v2017.2 (64-bit)
  **** SW Build 1909853 on Thu Jun 15 18:39:10 MDT 2017
  **** IP Build 1909766 on Thu Jun 15 19:58:00 MDT 2017
    ** Copyright 1986-2017 Xilinx, Inc. All Rights Reserved.

source main_system.tcl -notrace
Command: synth_design -top main_system -part xc7a35tcpg236-1
Starting synth_design
Attempting to get a license for feature 'Synthesis' and/or device 'xc7a35t-cpg236'
INFO: [Common 17-349] Got license for feature 'Synthesis' and/or device 'xc7a35t-cpg236'
INFO: Launching helper process for spawning children vivado processes
INFO: Helper process launched with PID 12976 
---------------------------------------------------------------------------------
Starting RTL Elaboration : Time (s): cpu = 00:00:03 ; elapsed = 00:00:03 . Memory (MB): peak = 1154.645 ; gain = 56.996 ; free physical = 4008 ; free virtual = 13816
---------------------------------------------------------------------------------
INFO: [Synth 8-638] synthesizing module 'main_system' [/home/jodalyst/vivado/spi_mcp3008/spi_mcp3008.srcs/sources_1/imports/new/main_system.v:23]
	Parameter commwidth bound to: 18 - type: integer 
	Parameter IDLE bound to: 4'b0000 
	Parameter T1 bound to: 4'b0001 
	Parameter RW1 bound to: 4'b0010 
	Parameter READ1 bound to: 4'b0011 
	Parameter START2 bound to: 4'b0100 
	Parameter RUN2 bound to: 4'b0101 
	Parameter PAUSE2 bound to: 4'b0110 
	Parameter START3 bound to: 4'b0111 
	Parameter RUN3 bound to: 4'b1000 
	Parameter PAUSE3 bound to: 4'b1001 
	Parameter START4 bound to: 4'b1010 
	Parameter RUN4 bound to: 4'b1011 
	Parameter PAUSE4 bound to: 4'b1100 
INFO: [Synth 8-638] synthesizing module 'dimmer' [/home/jodalyst/vivado/spi_mcp3008/spi_mcp3008.srcs/sources_1/imports/new/dimmer.v:23]
INFO: [Synth 8-256] done synthesizing module 'dimmer' (1#1) [/home/jodalyst/vivado/spi_mcp3008/spi_mcp3008.srcs/sources_1/imports/new/dimmer.v:23]
INFO: [Synth 8-638] synthesizing module 'spi_master' [/home/jodalyst/vivado/spi_mcp3008/spi_mcp3008.srcs/sources_1/imports/new/spi_master.v:26]
	Parameter INOUTWIDTH bound to: 18 - type: integer 
	Parameter IDLE bound to: 4'b0000 
	Parameter PRERUN1 bound to: 4'b0001 
	Parameter PRERUN2 bound to: 4'b0010 
	Parameter RUN bound to: 4'b0011 
	Parameter FINISH bound to: 4'b0100 
INFO: [Synth 8-256] done synthesizing module 'spi_master' (2#1) [/home/jodalyst/vivado/spi_mcp3008/spi_mcp3008.srcs/sources_1/imports/new/spi_master.v:26]
WARNING: [Synth 8-350] instance 'spm' of module 'spi_master' requires 14 connections, but only 13 given [/home/jodalyst/vivado/spi_mcp3008/spi_mcp3008.srcs/sources_1/imports/new/main_system.v:68]
WARNING: [Synth 8-3848] Net miso in module/entity main_system does not have driver. [/home/jodalyst/vivado/spi_mcp3008/spi_mcp3008.srcs/sources_1/imports/new/main_system.v:32]
INFO: [Synth 8-256] done synthesizing module 'main_system' (3#1) [/home/jodalyst/vivado/spi_mcp3008/spi_mcp3008.srcs/sources_1/imports/new/main_system.v:23]
WARNING: [Synth 8-3917] design main_system has port led0_g driven by constant 1
WARNING: [Synth 8-3917] design main_system has port led0_r driven by constant 1
WARNING: [Synth 8-3917] design main_system has port pio[1] driven by constant 0
---------------------------------------------------------------------------------
Finished RTL Elaboration : Time (s): cpu = 00:00:04 ; elapsed = 00:00:04 . Memory (MB): peak = 1195.145 ; gain = 97.496 ; free physical = 4015 ; free virtual = 13823
---------------------------------------------------------------------------------

Report Check Netlist: 
+------+------------------+-------+---------+-------+------------------+
|      |Item              |Errors |Warnings |Status |Description       |
+------+------------------+-------+---------+-------+------------------+
|1     |multi_driven_nets |      0|        0|Passed |Multi driven nets |
+------+------------------+-------+---------+-------+------------------+
---------------------------------------------------------------------------------
Finished RTL Optimization Phase 1 : Time (s): cpu = 00:00:04 ; elapsed = 00:00:04 . Memory (MB): peak = 1195.145 ; gain = 97.496 ; free physical = 4016 ; free virtual = 13824
---------------------------------------------------------------------------------
INFO: [Device 21-403] Loading part xc7a35tcpg236-1
INFO: [Project 1-570] Preparing netlist for logic optimization

Processing XDC Constraints
Initializing timing engine
Parsing XDC File [/home/jodalyst/vivado/spi_mcp3008/spi_mcp3008.srcs/constrs_1/imports/XDC/CmodA7_Master.xdc]
Finished Parsing XDC File [/home/jodalyst/vivado/spi_mcp3008/spi_mcp3008.srcs/constrs_1/imports/XDC/CmodA7_Master.xdc]
INFO: [Project 1-236] Implementation specific constraints were found while reading constraint file [/home/jodalyst/vivado/spi_mcp3008/spi_mcp3008.srcs/constrs_1/imports/XDC/CmodA7_Master.xdc]. These constraints will be ignored for synthesis but will be used in implementation. Impacted constraints are listed in the file [.Xil/main_system_propImpl.xdc].
Resolution: To avoid this warning, move constraints listed in [.Xil/main_system_propImpl.xdc] to another XDC file and exclude this new file from synthesis with the used_in_synthesis property (File Properties dialog in GUI) and re-run elaboration/synthesis.
Completed Processing XDC Constraints

INFO: [Project 1-111] Unisim Transformation Summary:
No Unisim elements were transformed.

Constraint Validation Runtime : Time (s): cpu = 00:00:00 ; elapsed = 00:00:00 . Memory (MB): peak = 1495.129 ; gain = 0.000 ; free physical = 3681 ; free virtual = 13489
---------------------------------------------------------------------------------
Finished Constraint Validation : Time (s): cpu = 00:00:11 ; elapsed = 00:00:11 . Memory (MB): peak = 1495.129 ; gain = 397.480 ; free physical = 3853 ; free virtual = 13661
---------------------------------------------------------------------------------
---------------------------------------------------------------------------------
Start Loading Part and Timing Information
---------------------------------------------------------------------------------
Loading part: xc7a35tcpg236-1
---------------------------------------------------------------------------------
Finished Loading Part and Timing Information : Time (s): cpu = 00:00:11 ; elapsed = 00:00:11 . Memory (MB): peak = 1495.129 ; gain = 397.480 ; free physical = 3853 ; free virtual = 13661
---------------------------------------------------------------------------------
---------------------------------------------------------------------------------
Start Applying 'set_property' XDC Constraints
---------------------------------------------------------------------------------
---------------------------------------------------------------------------------
Finished applying 'set_property' XDC Constraints : Time (s): cpu = 00:00:11 ; elapsed = 00:00:11 . Memory (MB): peak = 1495.129 ; gain = 397.480 ; free physical = 3855 ; free virtual = 13663
---------------------------------------------------------------------------------
WARNING: [Synth 8-6014] Unused sequential element counter_reg was removed.  [/home/jodalyst/vivado/spi_mcp3008/spi_mcp3008.srcs/sources_1/imports/new/dimmer.v:30]
INFO: [Synth 8-802] inferred FSM for state register 'state_reg' in module 'spi_master'
WARNING: [Synth 8-6014] Unused sequential element state_reg was removed.  [/home/jodalyst/vivado/spi_mcp3008/spi_mcp3008.srcs/sources_1/imports/new/spi_master.v:62]
INFO: [Synth 8-5546] ROM "state" won't be mapped to RAM because it is too sparse
INFO: [Synth 8-5546] ROM "sck" won't be mapped to RAM because it is too sparse
INFO: [Synth 8-5546] ROM "cs" won't be mapped to RAM because it is too sparse
INFO: [Synth 8-5546] ROM "busy" won't be mapped to RAM because it is too sparse
INFO: [Synth 8-5544] ROM "state" won't be mapped to Block RAM because address size (1) smaller than threshold (5)
INFO: [Synth 8-5544] ROM "state" won't be mapped to Block RAM because address size (4) smaller than threshold (5)
WARNING: [Synth 8-6014] Unused sequential element r_reg was removed.  [/home/jodalyst/vivado/spi_mcp3008/spi_mcp3008.srcs/sources_1/imports/new/main_system.v:42]
WARNING: [Synth 8-6014] Unused sequential element state_reg was removed.  [/home/jodalyst/vivado/spi_mcp3008/spi_mcp3008.srcs/sources_1/imports/new/spi_master.v:62]
WARNING: [Synth 8-6014] Unused sequential element state_reg was removed.  [/home/jodalyst/vivado/spi_mcp3008/spi_mcp3008.srcs/sources_1/imports/new/spi_master.v:62]
---------------------------------------------------------------------------------------------------
                   State |                     New Encoding |                Previous Encoding 
---------------------------------------------------------------------------------------------------
                    IDLE |                              000 |                            00000
                 PRERUN1 |                              001 |                            00001
                 PRERUN2 |                              010 |                            00010
                     RUN |                              011 |                            00011
                  FINISH |                              100 |                            00100
---------------------------------------------------------------------------------------------------
INFO: [Synth 8-3354] encoded FSM with state register 'state_reg' using encoding 'sequential' in module 'spi_master'
WARNING: [Synth 8-6014] Unused sequential element state_reg was removed.  [/home/jodalyst/vivado/spi_mcp3008/spi_mcp3008.srcs/sources_1/imports/new/spi_master.v:62]
---------------------------------------------------------------------------------
Finished RTL Optimization Phase 2 : Time (s): cpu = 00:00:11 ; elapsed = 00:00:12 . Memory (MB): peak = 1495.129 ; gain = 397.480 ; free physical = 3846 ; free virtual = 13654
---------------------------------------------------------------------------------

Report RTL Partitions: 
+-+--------------+------------+----------+
| |RTL Partition |Replication |Instances |
+-+--------------+------------+----------+
+-+--------------+------------+----------+
---------------------------------------------------------------------------------
Start RTL Component Statistics 
---------------------------------------------------------------------------------
Detailed RTL Component Info : 
+---Adders : 
	   2 Input     16 Bit       Adders := 1     
	   2 Input      9 Bit       Adders := 1     
	   2 Input      8 Bit       Adders := 1     
+---Registers : 
	               18 Bit    Registers := 4     
	               16 Bit    Registers := 3     
	                9 Bit    Registers := 1     
	                8 Bit    Registers := 3     
	                4 Bit    Registers := 1     
	                3 Bit    Registers := 1     
	                1 Bit    Registers := 7     
+---Muxes : 
	   2 Input     18 Bit        Muxes := 1     
	   5 Input     18 Bit        Muxes := 2     
	   5 Input     16 Bit        Muxes := 1     
	   2 Input      9 Bit        Muxes := 1     
	   5 Input      9 Bit        Muxes := 1     
	   2 Input      8 Bit        Muxes := 1     
	   5 Input      8 Bit        Muxes := 1     
	   6 Input      3 Bit        Muxes := 1     
	   2 Input      2 Bit        Muxes := 1     
	   4 Input      2 Bit        Muxes := 1     
	   2 Input      1 Bit        Muxes := 10    
	   5 Input      1 Bit        Muxes := 14    
	   4 Input      1 Bit        Muxes := 5     
---------------------------------------------------------------------------------
Finished RTL Component Statistics 
---------------------------------------------------------------------------------
---------------------------------------------------------------------------------
Start RTL Hierarchical Component Statistics 
---------------------------------------------------------------------------------
Hierarchical RTL Component report 
Module main_system 
Detailed RTL Component Info : 
+---Registers : 
	               18 Bit    Registers := 1     
	               16 Bit    Registers := 1     
	                8 Bit    Registers := 1     
	                4 Bit    Registers := 1     
	                3 Bit    Registers := 1     
	                1 Bit    Registers := 2     
+---Muxes : 
	   2 Input      2 Bit        Muxes := 1     
	   4 Input      2 Bit        Muxes := 1     
	   4 Input      1 Bit        Muxes := 5     
	   2 Input      1 Bit        Muxes := 5     
Module dimmer 
Detailed RTL Component Info : 
+---Adders : 
	   2 Input      8 Bit       Adders := 1     
+---Registers : 
	                8 Bit    Registers := 1     
Module spi_master 
Detailed RTL Component Info : 
+---Adders : 
	   2 Input     16 Bit       Adders := 1     
	   2 Input      9 Bit       Adders := 1     
+---Registers : 
	               18 Bit    Registers := 3     
	               16 Bit    Registers := 2     
	                9 Bit    Registers := 1     
	                8 Bit    Registers := 1     
	                1 Bit    Registers := 5     
+---Muxes : 
	   2 Input     18 Bit        Muxes := 1     
	   5 Input     18 Bit        Muxes := 2     
	   5 Input     16 Bit        Muxes := 1     
	   2 Input      9 Bit        Muxes := 1     
	   5 Input      9 Bit        Muxes := 1     
	   2 Input      8 Bit        Muxes := 1     
	   5 Input      8 Bit        Muxes := 1     
	   6 Input      3 Bit        Muxes := 1     
	   2 Input      1 Bit        Muxes := 5     
	   5 Input      1 Bit        Muxes := 14    
---------------------------------------------------------------------------------
Finished RTL Hierarchical Component Statistics
---------------------------------------------------------------------------------
---------------------------------------------------------------------------------
Start Part Resource Summary
---------------------------------------------------------------------------------
Part Resources:
DSPs: 90 (col length:60)
BRAMs: 100 (col length: RAMB18 60 RAMB36 30)
---------------------------------------------------------------------------------
Finished Part Resource Summary
---------------------------------------------------------------------------------
---------------------------------------------------------------------------------
Start Cross Boundary and Area Optimization
---------------------------------------------------------------------------------
WARNING: [Synth 8-6014] Unused sequential element spm/load_reg was removed.  [/home/jodalyst/vivado/spi_mcp3008/spi_mcp3008.srcs/sources_1/imports/new/spi_master.v:78]
WARNING: [Synth 8-3936] Found unconnected internal register 'spm/data_in_reg' and it is trimmed from '18' to '8' bits. [/home/jodalyst/vivado/spi_mcp3008/spi_mcp3008.srcs/sources_1/imports/new/spi_master.v:72]
INFO: [Synth 8-5546] ROM "spm/state" won't be mapped to RAM because it is too sparse
WARNING: [Synth 8-6014] Unused sequential element dm/counter_reg was removed.  [/home/jodalyst/vivado/spi_mcp3008/spi_mcp3008.srcs/sources_1/imports/new/dimmer.v:30]
WARNING: [Synth 8-6014] Unused sequential element r_reg was removed.  [/home/jodalyst/vivado/spi_mcp3008/spi_mcp3008.srcs/sources_1/imports/new/main_system.v:42]
WARNING: [Synth 8-3917] design main_system has port led0_g driven by constant 1
WARNING: [Synth 8-3917] design main_system has port led0_r driven by constant 1
WARNING: [Synth 8-3917] design main_system has port pio[1] driven by constant 0
INFO: [Synth 8-3886] merging instance 'data_to_send_reg[0]' (FDE) to 'bytes_to_send_reg[1]'
INFO: [Synth 8-3886] merging instance 'data_to_send_reg[1]' (FDE) to 'bytes_to_send_reg[1]'
INFO: [Synth 8-3886] merging instance 'data_to_send_reg[2]' (FDE) to 'bytes_to_send_reg[1]'
INFO: [Synth 8-3886] merging instance 'data_to_send_reg[3]' (FDE) to 'bytes_to_send_reg[1]'
INFO: [Synth 8-3886] merging instance 'data_to_send_reg[4]' (FDE) to 'bytes_to_send_reg[1]'
INFO: [Synth 8-3886] merging instance 'data_to_send_reg[5]' (FDE) to 'bytes_to_send_reg[1]'
INFO: [Synth 8-3886] merging instance 'data_to_send_reg[6]' (FDE) to 'bytes_to_send_reg[1]'
INFO: [Synth 8-3886] merging instance 'data_to_send_reg[7]' (FDE) to 'bytes_to_send_reg[1]'
INFO: [Synth 8-3886] merging instance 'data_to_send_reg[8]' (FDE) to 'bytes_to_send_reg[1]'
INFO: [Synth 8-3886] merging instance 'data_to_send_reg[9]' (FDE) to 'bytes_to_send_reg[1]'
INFO: [Synth 8-3886] merging instance 'data_to_send_reg[10]' (FDE) to 'bytes_to_send_reg[1]'
INFO: [Synth 8-3886] merging instance 'data_to_send_reg[11]' (FDE) to 'bytes_to_send_reg[1]'
INFO: [Synth 8-3886] merging instance 'data_to_send_reg[12]' (FDE) to 'bytes_to_send_reg[0]'
INFO: [Synth 8-3886] merging instance 'data_to_send_reg[13]' (FDE) to 'bytes_to_send_reg[1]'
INFO: [Synth 8-3886] merging instance 'data_to_send_reg[14]' (FDE) to 'bytes_to_send_reg[1]'
INFO: [Synth 8-3886] merging instance 'data_to_send_reg[15]' (FDE) to 'bytes_to_send_reg[0]'
INFO: [Synth 8-3886] merging instance 'bytes_to_send_reg[0]' (FDE) to 'data_to_send_reg[16]'
INFO: [Synth 8-3886] merging instance 'bytes_to_send_reg[1]' (FDE) to 'bytes_to_send_reg[2]'
INFO: [Synth 8-3886] merging instance 'bytes_to_send_reg[2]' (FDE) to 'bytes_to_send_reg[3]'
INFO: [Synth 8-3333] propagating constant 1 across sequential element (\data_to_send_reg[16] )
INFO: [Synth 8-3886] merging instance 'spm/bytes_to_run_reg[1]' (FDE) to 'spm/bytes_to_run_reg[3]'
INFO: [Synth 8-3886] merging instance 'spm/bytes_to_run_reg[2]' (FDE) to 'spm/bytes_to_run_reg[3]'
INFO: [Synth 8-3886] merging instance 'bytes_to_send_reg[3]' (FDE) to 'bytes_to_send_reg[4]'
INFO: [Synth 8-3886] merging instance 'bytes_to_send_reg[4]' (FDE) to 'bytes_to_send_reg[5]'
INFO: [Synth 8-3886] merging instance 'bytes_to_send_reg[5]' (FDE) to 'bytes_to_send_reg[6]'
INFO: [Synth 8-3886] merging instance 'bytes_to_send_reg[6]' (FDE) to 'bytes_to_send_reg[7]'
INFO: [Synth 8-3886] merging instance 'bytes_to_send_reg[7]' (FDE) to 'bytes_to_send_reg[8]'
INFO: [Synth 8-3886] merging instance 'bytes_to_send_reg[8]' (FDE) to 'bytes_to_send_reg[9]'
INFO: [Synth 8-3886] merging instance 'bytes_to_send_reg[9]' (FDE) to 'bytes_to_send_reg[10]'
INFO: [Synth 8-3886] merging instance 'bytes_to_send_reg[10]' (FDE) to 'bytes_to_send_reg[11]'
INFO: [Synth 8-3886] merging instance 'bytes_to_send_reg[11]' (FDE) to 'bytes_to_send_reg[12]'
INFO: [Synth 8-3886] merging instance 'bytes_to_send_reg[12]' (FDE) to 'bytes_to_send_reg[13]'
INFO: [Synth 8-3886] merging instance 'bytes_to_send_reg[13]' (FDE) to 'bytes_to_send_reg[14]'
INFO: [Synth 8-3886] merging instance 'bytes_to_send_reg[14]' (FDE) to 'bytes_to_send_reg[15]'
INFO: [Synth 8-3886] merging instance 'bytes_to_send_reg[15]' (FDE) to 'data_to_send_reg[17]'
INFO: [Synth 8-3886] merging instance 'selection_reg[2]' (FDE) to 'data_to_send_reg[17]'
INFO: [Synth 8-3886] merging instance 'selection_reg[1]' (FDE) to 'data_to_send_reg[17]'
INFO: [Synth 8-3886] merging instance 'selection_reg[0]' (FDE) to 'data_to_send_reg[17]'
INFO: [Synth 8-3333] propagating constant 0 across sequential element (\data_to_send_reg[17] )
INFO: [Synth 8-3886] merging instance 'spm/bytes_to_run_reg[3]' (FDE) to 'spm/bytes_to_run_reg[15]'
INFO: [Synth 8-3886] merging instance 'spm/bytes_to_run_reg[4]' (FDE) to 'spm/bytes_to_run_reg[15]'
INFO: [Synth 8-3886] merging instance 'spm/bytes_to_run_reg[5]' (FDE) to 'spm/bytes_to_run_reg[15]'
INFO: [Synth 8-3886] merging instance 'spm/bytes_to_run_reg[6]' (FDE) to 'spm/bytes_to_run_reg[15]'
INFO: [Synth 8-3886] merging instance 'spm/bytes_to_run_reg[7]' (FDE) to 'spm/bytes_to_run_reg[15]'
INFO: [Synth 8-3886] merging instance 'spm/bytes_to_run_reg[8]' (FDE) to 'spm/bytes_to_run_reg[15]'
INFO: [Synth 8-3886] merging instance 'spm/bytes_to_run_reg[9]' (FDE) to 'spm/bytes_to_run_reg[15]'
INFO: [Synth 8-3886] merging instance 'spm/bytes_to_run_reg[10]' (FDE) to 'spm/bytes_to_run_reg[15]'
INFO: [Synth 8-3886] merging instance 'spm/bytes_to_run_reg[11]' (FDE) to 'spm/bytes_to_run_reg[15]'
INFO: [Synth 8-3886] merging instance 'spm/bytes_to_run_reg[12]' (FDE) to 'spm/bytes_to_run_reg[15]'
INFO: [Synth 8-3886] merging instance 'spm/bytes_to_run_reg[13]' (FDE) to 'spm/bytes_to_run_reg[15]'
INFO: [Synth 8-3886] merging instance 'spm/bytes_to_run_reg[14]' (FDE) to 'spm/bytes_to_run_reg[15]'
INFO: [Synth 8-3333] propagating constant 0 across sequential element (rst_reg)
INFO: [Synth 8-3333] propagating constant 0 across sequential element (\spm/buffer_out_reg[0] )
INFO: [Synth 8-3333] propagating constant 1 across sequential element (\spm/bytes_to_run_reg[0] )
INFO: [Synth 8-3333] propagating constant 0 across sequential element (\spm/bytes_to_run_reg[15] )
INFO: [Synth 8-3886] merging instance 'spm/buffer_out_reg[0]' (FDE) to 'spm/buffer_out_reg[1]'
INFO: [Synth 8-3333] propagating constant 0 across sequential element (\spm/buffer_out_reg[1] )
INFO: [Synth 8-3886] merging instance 'spm/buffer_out_reg[1]' (FDE) to 'spm/buffer_out_reg[2]'
INFO: [Synth 8-3333] propagating constant 0 across sequential element (\spm/buffer_out_reg[2] )
INFO: [Synth 8-3886] merging instance 'spm/buffer_out_reg[2]' (FDE) to 'spm/buffer_out_reg[3]'
INFO: [Synth 8-3333] propagating constant 0 across sequential element (\spm/buffer_out_reg[3] )
INFO: [Synth 8-3886] merging instance 'spm/buffer_out_reg[3]' (FDE) to 'spm/buffer_out_reg[4]'
INFO: [Synth 8-3333] propagating constant 0 across sequential element (\spm/buffer_out_reg[4] )
INFO: [Synth 8-3886] merging instance 'spm/buffer_out_reg[4]' (FDE) to 'spm/buffer_out_reg[5]'
INFO: [Synth 8-3333] propagating constant 0 across sequential element (\spm/buffer_out_reg[5] )
INFO: [Synth 8-3886] merging instance 'spm/buffer_out_reg[5]' (FDE) to 'spm/buffer_out_reg[6]'
INFO: [Synth 8-3333] propagating constant 0 across sequential element (\spm/buffer_out_reg[6] )
INFO: [Synth 8-3886] merging instance 'spm/buffer_out_reg[6]' (FDE) to 'spm/buffer_out_reg[7]'
INFO: [Synth 8-3333] propagating constant 0 across sequential element (\spm/buffer_out_reg[7] )
INFO: [Synth 8-3886] merging instance 'spm/buffer_out_reg[7]' (FDE) to 'spm/buffer_out_reg[8]'
INFO: [Synth 8-3333] propagating constant 0 across sequential element (\spm/buffer_out_reg[8] )
INFO: [Synth 8-3886] merging instance 'spm/buffer_out_reg[8]' (FDE) to 'spm/buffer_out_reg[9]'
INFO: [Synth 8-3333] propagating constant 0 across sequential element (\spm/buffer_out_reg[9] )
INFO: [Synth 8-3886] merging instance 'spm/buffer_out_reg[9]' (FDE) to 'spm/buffer_out_reg[10]'
INFO: [Synth 8-3333] propagating constant 0 across sequential element (\spm/buffer_out_reg[10] )
INFO: [Synth 8-3886] merging instance 'spm/buffer_out_reg[10]' (FDE) to 'spm/buffer_out_reg[11]'
INFO: [Synth 8-3333] propagating constant 0 across sequential element (\spm/buffer_out_reg[11] )
WARNING: [Synth 8-3332] Sequential element (spm/cs_reg[7]) is unused and will be removed from module main_system.
WARNING: [Synth 8-3332] Sequential element (spm/cs_reg[6]) is unused and will be removed from module main_system.
WARNING: [Synth 8-3332] Sequential element (spm/cs_reg[5]) is unused and will be removed from module main_system.
WARNING: [Synth 8-3332] Sequential element (spm/cs_reg[4]) is unused and will be removed from module main_system.
WARNING: [Synth 8-3332] Sequential element (spm/cs_reg[3]) is unused and will be removed from module main_system.
WARNING: [Synth 8-3332] Sequential element (spm/cs_reg[2]) is unused and will be removed from module main_system.
WARNING: [Synth 8-3332] Sequential element (spm/cs_reg[1]) is unused and will be removed from module main_system.
WARNING: [Synth 8-3332] Sequential element (rst_reg) is unused and will be removed from module main_system.
WARNING: [Synth 8-3332] Sequential element (spm/buffer_out_reg[11]) is unused and will be removed from module main_system.
WARNING: [Synth 8-3332] Sequential element (spm/bytes_to_run_reg[15]) is unused and will be removed from module main_system.
WARNING: [Synth 8-3332] Sequential element (spm/bytes_to_run_reg[0]) is unused and will be removed from module main_system.
WARNING: [Synth 8-3332] Sequential element (spm/buffer_in_reg[0]) is unused and will be removed from module main_system.
WARNING: [Synth 8-3332] Sequential element (data_to_send_reg[16]) is unused and will be removed from module main_system.
WARNING: [Synth 8-3332] Sequential element (data_to_send_reg[17]) is unused and will be removed from module main_system.
---------------------------------------------------------------------------------
Finished Cross Boundary and Area Optimization : Time (s): cpu = 00:00:12 ; elapsed = 00:00:12 . Memory (MB): peak = 1495.129 ; gain = 397.480 ; free physical = 3837 ; free virtual = 13645
---------------------------------------------------------------------------------

Report RTL Partitions: 
+-+--------------+------------+----------+
| |RTL Partition |Replication |Instances |
+-+--------------+------------+----------+
+-+--------------+------------+----------+
---------------------------------------------------------------------------------
Start Applying XDC Timing Constraints
---------------------------------------------------------------------------------
---------------------------------------------------------------------------------
Finished Applying XDC Timing Constraints : Time (s): cpu = 00:00:17 ; elapsed = 00:00:17 . Memory (MB): peak = 1495.129 ; gain = 397.480 ; free physical = 3709 ; free virtual = 13517
---------------------------------------------------------------------------------
---------------------------------------------------------------------------------
Start Timing Optimization
---------------------------------------------------------------------------------
---------------------------------------------------------------------------------
Finished Timing Optimization : Time (s): cpu = 00:00:17 ; elapsed = 00:00:18 . Memory (MB): peak = 1495.129 ; gain = 397.480 ; free physical = 3708 ; free virtual = 13516
---------------------------------------------------------------------------------

Report RTL Partitions: 
+-+--------------+------------+----------+
| |RTL Partition |Replication |Instances |
+-+--------------+------------+----------+
+-+--------------+------------+----------+
---------------------------------------------------------------------------------
Start Technology Mapping
---------------------------------------------------------------------------------
---------------------------------------------------------------------------------
Finished Technology Mapping : Time (s): cpu = 00:00:17 ; elapsed = 00:00:18 . Memory (MB): peak = 1495.129 ; gain = 397.480 ; free physical = 3709 ; free virtual = 13517
---------------------------------------------------------------------------------

Report RTL Partitions: 
+-+--------------+------------+----------+
| |RTL Partition |Replication |Instances |
+-+--------------+------------+----------+
+-+--------------+------------+----------+
---------------------------------------------------------------------------------
Start IO Insertion
---------------------------------------------------------------------------------
---------------------------------------------------------------------------------
Start Flattening Before IO Insertion
---------------------------------------------------------------------------------
---------------------------------------------------------------------------------
Finished Flattening Before IO Insertion
---------------------------------------------------------------------------------
---------------------------------------------------------------------------------
Start Final Netlist Cleanup
---------------------------------------------------------------------------------
---------------------------------------------------------------------------------
Finished Final Netlist Cleanup
---------------------------------------------------------------------------------
---------------------------------------------------------------------------------
Finished IO Insertion : Time (s): cpu = 00:00:17 ; elapsed = 00:00:18 . Memory (MB): peak = 1495.129 ; gain = 397.480 ; free physical = 3709 ; free virtual = 13517
---------------------------------------------------------------------------------

Report Check Netlist: 
+------+------------------+-------+---------+-------+------------------+
|      |Item              |Errors |Warnings |Status |Description       |
+------+------------------+-------+---------+-------+------------------+
|1     |multi_driven_nets |      0|        0|Passed |Multi driven nets |
+------+------------------+-------+---------+-------+------------------+
---------------------------------------------------------------------------------
Start Renaming Generated Instances
---------------------------------------------------------------------------------
---------------------------------------------------------------------------------
Finished Renaming Generated Instances : Time (s): cpu = 00:00:17 ; elapsed = 00:00:18 . Memory (MB): peak = 1495.129 ; gain = 397.480 ; free physical = 3709 ; free virtual = 13517
---------------------------------------------------------------------------------

Report RTL Partitions: 
+-+--------------+------------+----------+
| |RTL Partition |Replication |Instances |
+-+--------------+------------+----------+
+-+--------------+------------+----------+
---------------------------------------------------------------------------------
Start Rebuilding User Hierarchy
---------------------------------------------------------------------------------
---------------------------------------------------------------------------------
Finished Rebuilding User Hierarchy : Time (s): cpu = 00:00:17 ; elapsed = 00:00:18 . Memory (MB): peak = 1495.129 ; gain = 397.480 ; free physical = 3709 ; free virtual = 13517
---------------------------------------------------------------------------------
---------------------------------------------------------------------------------
Start Renaming Generated Ports
---------------------------------------------------------------------------------
---------------------------------------------------------------------------------
Finished Renaming Generated Ports : Time (s): cpu = 00:00:17 ; elapsed = 00:00:18 . Memory (MB): peak = 1495.129 ; gain = 397.480 ; free physical = 3709 ; free virtual = 13517
---------------------------------------------------------------------------------
---------------------------------------------------------------------------------
Start Handling Custom Attributes
---------------------------------------------------------------------------------
---------------------------------------------------------------------------------
Finished Handling Custom Attributes : Time (s): cpu = 00:00:17 ; elapsed = 00:00:18 . Memory (MB): peak = 1495.129 ; gain = 397.480 ; free physical = 3709 ; free virtual = 13517
---------------------------------------------------------------------------------
---------------------------------------------------------------------------------
Start Renaming Generated Nets
---------------------------------------------------------------------------------
---------------------------------------------------------------------------------
Finished Renaming Generated Nets : Time (s): cpu = 00:00:17 ; elapsed = 00:00:18 . Memory (MB): peak = 1495.129 ; gain = 397.480 ; free physical = 3709 ; free virtual = 13517
---------------------------------------------------------------------------------
---------------------------------------------------------------------------------
Start Writing Synthesis Report
---------------------------------------------------------------------------------

Report BlackBoxes: 
+-+--------------+----------+
| |BlackBox name |Instances |
+-+--------------+----------+
+-+--------------+----------+

Report Cell Usage: 
+------+-------+------+
|      |Cell   |Count |
+------+-------+------+
|1     |BUFG   |     1|
|2     |CARRY4 |    13|
|3     |LUT1   |    42|
|4     |LUT2   |    40|
|5     |LUT3   |    10|
|6     |LUT4   |    25|
|7     |LUT5   |     7|
|8     |LUT6   |    14|
|9     |FDRE   |   107|
|10    |IBUF   |     4|
|11    |OBUF   |    10|
+------+-------+------+

Report Instance Areas: 
+------+---------+-----------+------+
|      |Instance |Module     |Cells |
+------+---------+-----------+------+
|1     |top      |           |   273|
|2     |  dm     |dimmer     |    26|
|3     |  spm    |spi_master |   166|
+------+---------+-----------+------+
---------------------------------------------------------------------------------
Finished Writing Synthesis Report : Time (s): cpu = 00:00:17 ; elapsed = 00:00:18 . Memory (MB): peak = 1495.129 ; gain = 397.480 ; free physical = 3709 ; free virtual = 13517
---------------------------------------------------------------------------------
Synthesis finished with 0 errors, 0 critical warnings and 27 warnings.
Synthesis Optimization Runtime : Time (s): cpu = 00:00:13 ; elapsed = 00:00:14 . Memory (MB): peak = 1495.129 ; gain = 97.496 ; free physical = 3762 ; free virtual = 13570
Synthesis Optimization Complete : Time (s): cpu = 00:00:17 ; elapsed = 00:00:18 . Memory (MB): peak = 1495.137 ; gain = 397.480 ; free physical = 3762 ; free virtual = 13570
INFO: [Project 1-571] Translating synthesized netlist
INFO: [Netlist 29-17] Analyzing 17 Unisim elements for replacement
INFO: [Netlist 29-28] Unisim Transformation completed in 0 CPU seconds
INFO: [Project 1-570] Preparing netlist for logic optimization
INFO: [Opt 31-138] Pushed 0 inverter(s) to 0 load pin(s).
INFO: [Project 1-111] Unisim Transformation Summary:
No Unisim elements were transformed.

103 Infos, 32 Warnings, 0 Critical Warnings and 0 Errors encountered.
synth_design completed successfully
synth_design: Time (s): cpu = 00:00:18 ; elapsed = 00:00:19 . Memory (MB): peak = 1495.137 ; gain = 410.074 ; free physical = 3733 ; free virtual = 13541
INFO: [Common 17-1381] The checkpoint '/home/jodalyst/vivado/spi_mcp3008/spi_mcp3008.runs/synth_1/main_system.dcp' has been generated.
report_utilization: Time (s): cpu = 00:00:00.06 ; elapsed = 00:00:00.08 . Memory (MB): peak = 1519.141 ; gain = 0.000 ; free physical = 3734 ; free virtual = 13542
INFO: [Common 17-206] Exiting Vivado at Sun Oct  8 17:54:13 2017...
